import started Sun May 17 14:11:33 2026
asis /Volumes/classical/staging/Bartók_ Concerto For Orchestra_ Janáček_
import started Sun May 17 14:11:55 2026
asis /Volumes/classical/staging/Beethoven_ Symphony #9, _Choral_
import started Sun May 17 14:12:11 2026
import started Sun May 17 14:12:42 2026
asis /Volumes/classical/staging/Chopin - Mazurkas Waltzes Etc. - Benedet
import started Sun May 17 14:12:59 2026
asis /Volumes/classical/staging/Des Knaben Wunderhorn
import started Sun May 17 14:13:23 2026
asis /Volumes/classical/staging/Don Giovanni - Karajan
import started Sun May 17 14:13:49 2026
asis /Volumes/classical/staging/Franz Schubert_ Symfonieën Nr. 3 & 5
import started Sun May 17 14:14:08 2026
asis /Volumes/classical/staging/George Frideric Handel - Solomon, HWV 67 (Paul McCreesh)/Disc_1
import started Sun May 17 14:14:35 2026
asis /Volumes/classical/staging/George Frideric Handel - Solomon, HWV 67 (Paul McCreesh)/Disc_2
import started Sun May 17 14:14:59 2026
import started Sun May 17 14:15:26 2026
asis /Volumes/classical/staging/Gran concerto classico Vol.3
import started Sun May 17 14:15:43 2026
asis /Volumes/classical/staging/Gustav Mahler/Symphony No 1 & Lieder eines fahrenden G
import started Sun May 17 14:16:03 2026
asis /Volumes/classical/staging/Gustav Mahler/Symphony No 2
import started Sun May 17 14:16:24 2026
asis /Volumes/classical/staging/Gustav Mahler/Symphony No 3
import started Sun May 17 14:16:47 2026
asis /Volumes/classical/staging/Gustav Mahler/Symphony No 3 & Symphony No 2 - Resurrec
import started Sun May 17 14:17:06 2026
asis /Volumes/classical/staging/Gustav Mahler/Symphony No 4
import started Sun May 17 14:17:27 2026
asis /Volumes/classical/staging/Gustav Mahler/Symphony No 5
import started Sun May 17 14:17:48 2026
asis /Volumes/classical/staging/Gustav Mahler/Symphony No 6
import started Sun May 17 14:18:12 2026
asis /Volumes/classical/staging/Gustav Mahler/Symphony No 7
import started Sun May 17 14:18:35 2026
asis /Volumes/classical/staging/Gustav Mahler/Symphony No 8
import started Sun May 17 14:19:02 2026
asis /Volumes/classical/staging/Gustav Mahler/Symphony No 9
import started Sun May 17 14:19:22 2026
asis /Volumes/classical/staging/Gustav Malher/Mahler_ Symphony No. 1 _Titan_ (includin
import started Sun May 17 14:19:40 2026
asis /Volumes/classical/staging/Gösta Winbergh_ Herbert Von Karajan_ Ber/Mozart_ Don Giovanni (Highlights)
import started Sun May 17 14:20:16 2026
import started Sun May 17 14:20:27 2026
asis /Volumes/classical/staging/Herbert Von Karajan_ Berlin Philharmonic/Mozart_ Don Giovanni (Highlights)
import started Sun May 17 14:20:44 2026
asis /Volumes/classical/staging/Hilary Hann/Concerto per violino Brahms, Strawinsky
import started Sun May 17 14:21:09 2026
asis /Volumes/classical/staging/Idomeneo (Disc 1 of 3)
import started Sun May 17 14:21:33 2026
asis /Volumes/classical/staging/Idomeneo (Disc 2 of 3)
import started Sun May 17 14:21:49 2026
import started Sun May 17 14:22:00 2026
asis /Volumes/classical/staging/Idomeneo (Disc 3 of 3)
import started Sun May 17 14:22:23 2026
asis /Volumes/classical/staging/Igor Stravinsky/Itzhak Perlman, Seiji Ozawa, Boston Sym
import started Sun May 17 14:23:12 2026
import started Sun May 17 14:23:22 2026
asis /Volumes/classical/staging/Igor Stravinsky/Works of Igor Stravinsky/Disc 1
import started Sun May 17 14:23:42 2026
asis /Volumes/classical/staging/Igor Stravinsky/Works of Igor Stravinsky/Disc 10
import started Sun May 17 14:24:11 2026
asis /Volumes/classical/staging/Igor Stravinsky/Works of Igor Stravinsky/Disc 11
import started Sun May 17 14:24:31 2026
asis /Volumes/classical/staging/Igor Stravinsky/Works of Igor Stravinsky/Disc 12
import started Sun May 17 14:24:48 2026
asis /Volumes/classical/staging/Igor Stravinsky/Works of Igor Stravinsky/Disc 13
import started Sun May 17 14:25:04 2026
asis /Volumes/classical/staging/Igor Stravinsky/Works of Igor Stravinsky/Disc 14
import started Sun May 17 14:25:25 2026
asis /Volumes/classical/staging/Igor Stravinsky/Works of Igor Stravinsky/Disc 15
import started Sun May 17 14:25:42 2026
asis /Volumes/classical/staging/Igor Stravinsky/Works of Igor Stravinsky/Disc 16
import started Sun May 17 14:25:59 2026
asis /Volumes/classical/staging/Igor Stravinsky/Works of Igor Stravinsky/Disc 17
import started Sun May 17 14:26:17 2026
asis /Volumes/classical/staging/Igor Stravinsky/Works of Igor Stravinsky/Disc 18
import started Sun May 17 14:26:34 2026
asis /Volumes/classical/staging/Igor Stravinsky/Works of Igor Stravinsky/Disc 19
import started Sun May 17 14:26:51 2026
asis /Volumes/classical/staging/Igor Stravinsky/Works of Igor Stravinsky/Disc 2
import started Sun May 17 14:27:57 2026
import started Sun May 17 14:28:07 2026
asis /Volumes/classical/staging/Igor Stravinsky/Works of Igor Stravinsky/Disc 20
import started Sun May 17 14:28:24 2026
asis /Volumes/classical/staging/Igor Stravinsky/Works of Igor Stravinsky/Disc 21
import started Sun May 17 14:28:41 2026
asis /Volumes/classical/staging/Igor Stravinsky/Works of Igor Stravinsky/Disc 22
import started Sun May 17 14:28:59 2026
asis /Volumes/classical/staging/Igor Stravinsky/Works of Igor Stravinsky/Disc 3
import started Sun May 17 14:29:16 2026
asis /Volumes/classical/staging/Igor Stravinsky/Works of Igor Stravinsky/Disc 4
import started Sun May 17 14:29:35 2026
asis /Volumes/classical/staging/Igor Stravinsky/Works of Igor Stravinsky/Disc 5
import started Sun May 17 14:29:52 2026
asis /Volumes/classical/staging/Igor Stravinsky/Works of Igor Stravinsky/Disc 6
import started Sun May 17 14:30:13 2026
asis /Volumes/classical/staging/Igor Stravinsky/Works of Igor Stravinsky/Disc 7
import started Sun May 17 14:30:30 2026
asis /Volumes/classical/staging/Igor Stravinsky/Works of Igor Stravinsky/Disc 8
import started Sun May 17 14:30:56 2026
asis /Volumes/classical/staging/Igor Stravinsky/Works of Igor Stravinsky/Disc 9
import started Sun May 17 14:31:17 2026
asis /Volumes/classical/staging/Jazz Music
import started Sun May 17 14:31:44 2026
asis /Volumes/classical/staging/Joan Sebastian Bach/Bach - Complete Works [Brilliant Classics]/Vol I - Orchestral Works & Chamber Music/CD 1 - Brandenburg Concertos
