import started Fri May 15 20:26:42 2026
import started Fri May 15 20:27:11 2026
import started Fri May 15 20:27:12 2026
skip /Volumes/arrdata/media/music/AC_DC/Fly On The Wall (1985)
import started Fri May 15 20:27:28 2026
import started Fri May 15 20:27:39 2026
skip /Volumes/arrdata/media/music/AC_DC/Fly On The Wall (1985)
import started Fri May 15 20:27:42 2026
skip /Volumes/arrdata/media/music/AC_DC/Highway To Hell (2009)
import started Fri May 15 20:27:58 2026
skip /Volumes/arrdata/media/music/AC_DC/Ballbreaker (2014)
import started Fri May 15 20:27:58 2026
skip /Volumes/arrdata/media/music/AC_DC/Highway To Hell (2009)
import started Fri May 15 20:28:12 2026
skip /Volumes/arrdata/media/music/AC_DC/Ballbreaker (2014)
import started Fri May 15 20:28:17 2026
skip /Volumes/arrdata/media/music/AC_DC/Black Ice (2008)
import started Fri May 15 20:28:35 2026
skip /Volumes/arrdata/media/music/AC_DC/Black Ice (2008)
import started Fri May 15 20:28:53 2026
import started Fri May 15 20:30:05 2026
import started Fri May 15 20:30:30 2026
import started Fri May 15 20:30:30 2026
duplicate-replace /Volumes/arrdata/media/music/AC_DC/Flick of the Switch (2014)
import started Fri May 15 20:32:31 2026
import started Fri May 15 20:32:31 2026
