
--- IMPORTING: /Volumes/arrdata/media/music/AC_DC/Back in Black (1980) ---

[1;34m/Volumes/arrdata/media/music/AC_DC/Let There Be Rock (1987)[39;49;00m [1;34m(8 items)[39;49;00m

  Match ([1;32m93.7%[39;49;00m):
  [1;32mAC/DC - Let There Be Rock[39;49;00m
  [33m≠ tracks, data source[39;49;00m
  MusicBrainz, CD, 1987, US, ATCO Records, 36-151-2, made in West Germany
  [2mhttps://musicbrainz.org/release/5dff09d6-ccdd-467a-8582-4ee79dd9574b[39;49;00m
  * Artist: AC/DC
  * Album: Let There Be Rock
     [33m≠[39;49;00m [2m(#1)[39;49;00m Go Down [1;31m(5:31)[39;49;00m -> [2m(#1)[39;49;00m Go Down [1;31m(5:20)[39;49;00m

[1;34m/Volumes/arrdata/media/music/AC_DC/Back in Black (1980)[39;49;00m [1;34m(10 items)[39;49;00m

  Match ([1;32m93.5%[39;49;00m):
  [1;32mAC/DC - Back in Black[39;49;00m
  [33m≠ tracks, data source[39;49;00m
  MusicBrainz, Cassette, 1980, US, ATCO Records, CS-16018, None
  [2mhttps://musicbrainz.org/release/4bbe3188-d626-4aff-82c0-87d455262f49[39;49;00m
  * Artist: AC/DC
  * Album: Back in Black

--- IMPORTING: /Volumes/arrdata/media/music/AC_DC/Dirty Deeds Done Dirt Cheap (1987) ---

[1;34m/Volumes/arrdata/media/music/AC_DC/Dirty Deeds Done Dirt Cheap (1987)[39;49;00m [1;34m(8 items)[39;49;00m

  Match ([1;32m91.2%[39;49;00m):
  [1;32mAC/DC - Dirty Deeds Done Dirt Cheap[39;49;00m
  [33m≠ tracks, missing tracks, data source[39;49;00m
  MusicBrainz, CD, 1987, US, Atlantic, 16033-2, None
  [2mhttps://musicbrainz.org/release/3845301b-8054-4d55-a3a6-a0ce82080e80[39;49;00m
  * Artist: AC/DC
  * Album: Dirty Deeds Done Dirt Cheap
Missing tracks (1/9 - 11.1%):

--- IMPORTING: /Volumes/arrdata/media/music/AC_DC/Ballbreaker (2014) ---

[1;34m/Volumes/arrdata/media/music/AC_DC/Ballbreaker (2014)[39;49;00m [1;34m(11 items)[39;49;00m
Skipping.

--- IMPORTING: /Volumes/arrdata/media/music/AC_DC/Black Ice (2008) ---

[1;34m/Volumes/arrdata/media/music/AC_DC/Black Ice (2008)[39;49;00m [1;34m(15 items)[39;49;00m
Skipping.
[1;33m ! Problem Child (#5) (5:46)[39;49;00m

--- IMPORTING: /Volumes/arrdata/media/music/AC_DC/Flick of the Switch (2014) ---

--- IMPORTING: /Volumes/arrdata/media/music/AC_DC/Dirty Deeds Done Dirt Cheap (1987) ---
No files imported from /Volumes/arrdata/media/music/AC_DC/Dirty Deeds Done Dirt Cheap (1987)
Skipped 1 paths.

--- IMPORTING: /Volumes/arrdata/media/music/AC_DC/Flick of the Switch (2014) ---

[1;34m/Volumes/arrdata/media/music/AC_DC/Flick of the Switch (2014)[39;49;00m [1;34m(10 items)[39;49;00m

  Match ([1;32m93.4%[39;49;00m):
  [1;32mAC/DC - Flick of the Switch[39;49;00m
  [33m≠ tracks, data source[39;49;00m
  MusicBrainz, Digital Media, 2014, XW, Columbia, None, None
  [2mhttps://musicbrainz.org/release/b0b52f1c-ed2a-4d38-85c1-76fad6112a68[39;49;00m
  * Artist: AC/DC

--- IMPORTING: /Volumes/arrdata/media/music/AC_DC/POWER UP (2020) ---

[1;34m/Volumes/arrdata/media/music/AC_DC/Flick of the Switch (2014)[39;49;00m [1;34m(10 items)[39;49;00m

  Match ([1;32m93.4%[39;49;00m):
  [1;32mAC/DC - Flick of the Switch[39;49;00m
  [33m≠ tracks, data source[39;49;00m
  MusicBrainz, Digital Media, 2014, XW, Columbia, None, None
  [2mhttps://musicbrainz.org/release/b0b52f1c-ed2a-4d38-85c1-76fad6112a68[39;49;00m
  * Artist: AC/DC

[1;34m/Volumes/arrdata/media/music/AC_DC/POWER UP (2020)[39;49;00m [1;34m(12 items)[39;49;00m

  Match ([1;32m93.5%[39;49;00m):
  [1;32mAC/DC - POWER UP[39;49;00m
  [33m≠ tracks, data source[39;49;00m
  MusicBrainz, 12" Vinyl, 2020, XE, Columbia, 0194397255614, None
  [2mhttps://musicbrainz.org/release/c70eab4c-070f-452a-acf6-9bab36581a90[39;49;00m
  * Artist: AC/DC
  * Album: POWER UP
