80's And 90's Hits (2020)
AC+DC
AC_DC
Afric Simon
Agnes Baltsa, Ferruccio Furlanetto_ Herb
Agnes Baltsa, Samuel Ramey_ Herbert Von
Aisha Duo
Akon
Akon Feat. 2Pac
Akon Feat. Black Rob
Akon Feat. Don Yute
Akon Feat. Kardinal Offishall
Akon Feat. Sean Biggs
Akon Feat. Sizzla, Vibez Carte
Akon Feat. Styles P
Akon Feat. The Youngbloodz
Akon Feat. Young Jeezy
Al Di Meola, Stomu Yamashta & Steve Winw
Al Green
Al Stewart
Alanis Morissette
Alberto Iglesias
Aldo, Giovanni e Giacomo
Alexander Malta, Gösta Winbergh_ Herbert
Alexander Malta, Kathleen Battle_ Herber
Amy Winehouse
Anatoli Balash
Andrea Bocelli
André Previn_ Los Angeles Philharmonic O
Andrés Segovia
Angelo Branduardi
Anna Tomowa-Sintow_ Herbert Von Karajan_
Anne Sofie von Otter
Annie Lennox
Antony and the Johnsons
Arrested Development
Articolo 31
Artisti vari
Astor Piazzolla
Avril Lavigne
B.S.O_
Bachman Turner Overdrive
Barry White
Baustelle
Beatles
Benedictine Monks of Santo Domingo de Si
Bernstein - Concertgebouw - Mahler
Bet E & Stef
Biagio Antonacci
Bijelo Dugme
